<?xml version="1.0" encoding="UTF-8"?>
<testsuite name="CartasTest" tests="7" skipped="0" failures="0" errors="0" timestamp="2026-04-22T00:26:44" hostname="luan-ribeiro-Vivobook-Go-E1504FA-E1504FA" time="0.038">
  <properties/>
  <testcase name="testCartaEscudo()" classname="CartasTest" time="0.007"/>
  <testcase name="testCartaDanoVeneno()" classname="CartasTest" time="0.003"/>
  <testcase name="testCartaDanoArea()" classname="CartasTest" time="0.004"/>
  <testcase name="testLogicaDeEfeitosECombate()" classname="CartasTest" time="0.003"/>
  <testcase name="testCartaSacrificio()" classname="CartasTest" time="0.005"/>
  <testcase name="testCartaRouboVida()" classname="CartasTest" time="0.002"/>
  <testcase name="testCartaCuraRegen()" classname="CartasTest" time="0.002"/>
  <system-out><![CDATA[
 ]]>&#x1f6e1;<![CDATA[️  ?[36mDEFESA ATIVADA: ?[0m?[1mNaruto?[0m
    Proteção: ?[36m+20 de Escudo?[0m

 ⚔️  ?[1mNaruto?[0m usou um golpe crítico!
    Dano Direto: ?[31m10?[0m
    Efeito Aplicado: ?[35m☣ Veneno (5)?[0m em Pain

 ]]>&#x1f300;<![CDATA[ ?[36mESTILO DANO EM ÁREA: ?[0m?[1mGamabunta?[0m
    ?[32mSUCESSO TOTAL! ]]>&#x1f525;<![CDATA[ ?[0mA técnica atingiu o ápice!
    Dano Crítico: ?[31m-30 HP em Pain?[0m

 ]]>&#x1f4a5;<![CDATA[ ?[35m?[1mTÉCNICA PROIBIDA: ?[0m?[1mSelo Consumidor?[0m
    Pain: ?[31m-40 HP (Impacto Direto)?[0m
    Naruto: ?[33m-20 HP (Dano de Recuo)?[0m

 ]]>&#x1fa78;<![CDATA[ ?[36mROUBANDO VIDA: ?[0m?[1mNaruto?[0m
    Ataque: ?[31m-20 de HP de Pain?[0m
    Absorção: ?[32m+20 de Vida para você?[0m

 ✨ ?[32mARTE MÉDICA: ?[0m?[1mNaruto?[0m
    Cura Imediata: ?[32m+20 HP?[0m
    Efeito Ativo: ?[32mNinjutsu Médico Contínuo (+5 de regen de cura)?[0m
]]></system-out>
  <system-err><![CDATA[]]></system-err>
</testsuite>
