<?xml version="1.0" encoding="UTF-8"?>
<testsuite name="AppTest" tests="5" skipped="0" failures="0" errors="0" timestamp="2026-04-22T00:26:44" hostname="luan-ribeiro-Vivobook-Go-E1504FA-E1504FA" time="0.14">
  <properties/>
  <testcase name="testAppDisplayETextos()" classname="AppTest" time="0.092"/>
  <testcase name="testMenusComFantasma()" classname="AppTest" time="0.019"/>
  <testcase name="testGeracaoDeHeroisEDecks()" classname="AppTest" time="0.01"/>
  <testcase name="testGeracaoDeDecksDosInimigos()" classname="AppTest" time="0.005"/>
  <testcase name="testMainSairDoJogo()" classname="AppTest" time="0.004"/>
  <system-out><![CDATA[

















































?[36m╔════════════════════════ SHINOBI LEGACY ════════════════════════╗?[0m
  ?[1mNaruto?[0m                 vs                   ?[1mPain?[0m  
  Vida: ?[32m100                     ?[0m      Vida: ?[32m100?[0m  
  Escudo: ?[36m0                     ?[0m      Escudo: ?[36m0?[0m  
?[36m╠════════════════════════════════════════════════════════════════╣?[0m
  Energia: ?[33m4/4 Chakra [● ● ● ● ]?[0m
  Próximo golpe do inimigo: ?[31mDefesa?[0m
  Escudo: ?[36m20?[0m
?[36m╟────────────────────────────────────────────────────────────────╢?[0m
  [1] ?[1mDefesa?[0m (?[33m5 Chakra?[0m)
  [2] ?[1mAtaque?[0m (?[33m10 Chakra?[0m)
?[36m╟────────────────────────────────────────────────────────────────╢?[0m
  [3] ℹ️  Menu das Cartas | [4] ]]>&#x1f9ea;<![CDATA[ Efeitos | [5] ⌛ Encerrar Turno
?[36m╚════════════════════════════════════════════════════════════════╝?[0m
  Escolha sua ação: ?[36m╔════════════════════════ SHINOBI LEGACY ════════════════════════╗?[0m
  ?[1mNaruto?[0m                 vs                   ?[1mPain?[0m  
  Vida: ?[32m100                     ?[0m      Vida: ?[32m100?[0m  
  Escudo: ?[36m0                     ?[0m      Escudo: ?[36m0?[0m  
?[36m╠════════════════════════════════════════════════════════════════╣?[0m
  Energia: ?[33m4/4 Chakra [● ● ● ● ]?[0m
  Próximo golpe do inimigo: ?[31mDefesa?[0m
  Escudo: ?[36m20?[0m
?[36m╟────────────────────────────────────────────────────────────────╢?[0m
  [1] ?[1mDefesa?[0m (?[33m5 Chakra?[0m)
  [2] ?[1mAtaque?[0m (?[33m10 Chakra?[0m)
?[36m╟────────────────────────────────────────────────────────────────╢?[0m
  [3] ℹ️  Menu das Cartas | [4] ]]>&#x1f9ea;<![CDATA[ Efeitos | [5] ⌛ Encerrar Turno
?[36m╚════════════════════════════════════════════════════════════════╝?[0m

?[33m╔════════════════════════════════════════════════════════════╗?[0m
?[32m║ ✨ MODO SÁBIO ATIVO: +5 Dano / +10 Regen                   ║?[0m
?[33m╚════════════════════════════════════════════════════════════╝?[0m
  Escolha sua ação: ?[36m╔════════════════════════ SHINOBI LEGACY ════════════════════════╗?[0m
  ?[1mNaruto?[0m                 vs                   ?[1mPain?[0m  
  Vida: ?[32m100                     ?[0m      Vida: ?[32m100?[0m  
  Escudo: ?[36m0                     ?[0m      Escudo: ?[36m0?[0m  
?[36m╠════════════════════════════════════════════════════════════════╣?[0m
  Energia: ?[33m4/4 Chakra [● ● ● ● ]?[0m
  Próximo golpe do inimigo: ?[31mDefesa?[0m
  Escudo: ?[36m20?[0m
?[36m╟────────────────────────────────────────────────────────────────╢?[0m
  [1] ?[1mDefesa?[0m (?[33m5 Chakra?[0m)
  [2] ?[1mAtaque?[0m (?[33m10 Chakra?[0m)
?[36m╟────────────────────────────────────────────────────────────────╢?[0m
  [3] ℹ️  Menu das Cartas | [4] ]]>&#x1f9ea;<![CDATA[ Efeitos | [5] ⌛ Encerrar Turno
?[36m╚════════════════════════════════════════════════════════════════╝?[0m

?[33m╔════════════════════════════════════════════════════════════╗?[0m
?[31m║ ]]>&#x1f98a;<![CDATA[ MANTO DA KURAMA ATIVO: +10 Dano / +5 Regen             ║?[0m
?[33m╚════════════════════════════════════════════════════════════╝?[0m
  Escolha sua ação: 

















































?[36m╔═══════════════════ ♣ BIBLIOTECA DE JUTSUS ♣ ══════════════════╗?[0m
?[33m [1] ?[0m?[1mRasengan?[0m
     Dano
     Custo: ?[33m2 Chakra?[0m
     Dano: ?[31m15?[0m
?[36m     ──────────────────────────────────────────────────?[0m

 Digite qualquer número para voltar ao combate: 

















































?[35m╔═══════════════════ ☣ ESTADOS E ALTERAÇÕES ✚ ══════════════════╗?[0m
?[35m  [1] ☣ ?[1mVENENO TESTE?[0m
      Dono: ?[1mNaruto?[0m
?[35m      Acumulos: ?[35m5?[0m
?[35m      ──────────────────────────────────────────────────?[0m
?[35m╚═══════════════════════════════════════════════════════════════╝?[0m

 ?[36mDigite qualquer número para voltar ao combate: ?[0m

















































?[33m╔════════════════════════════════════════════════════════════╗?[0m
?[33m║ ?[1m           ]]>&#x168d8;<![CDATA[  SHINOBI LEGACY: O DUELO NINJA  ]]>&#x168d8;<![CDATA[          ?[0m?[33m   ║?[0m
?[33m╚════════════════════════════════════════════════════════════╝?[0m

[1] Modo História
[2] Batalha livre
[3] Sair

Escolha uma opção: Até a próxima, Shinobi!
]]></system-out>
  <system-err><![CDATA[]]></system-err>
</testsuite>
